<?xml version="1.0" encoding="UTF-8"?>
<!-- Generated by org.testng.reporters.JUnitReportReporter -->
<testsuite skipped="0" hostname="DESKTOP-30J0NQQ" name="com.qa.test.LoginLogsTest" tests="2" failures="0" timestamp="12 Feb 2018 14:07:40 GMT" time="14.519" errors="0">
  <testcase name="freeCrmTitleTest" time="7.558" classname="com.qa.test.LoginLogsTest"/>
  <testcase name="freeCrmLogoTest" time="6.961" classname="com.qa.test.LoginLogsTest"/>
</testsuite> <!-- com.qa.test.LoginLogsTest -->
