<?xml version="1.0" encoding="UTF-8"?>
<!-- Generated by org.testng.reporters.JUnitReportReporter -->
<testsuite skipped="0" hostname="DESKTOP-30J0NQQ" name="com.test.invocationCountTest" tests="10" failures="0" timestamp="09 Feb 2018 10:11:31 GMT" time="0.030" errors="0">
  <testcase name="sum" time="0.001" classname="com.test.invocationCountTest"/>
  <testcase name="sum" time="0.004" classname="com.test.invocationCountTest"/>
  <testcase name="sum" time="0.008" classname="com.test.invocationCountTest"/>
  <testcase name="sum" time="0.002" classname="com.test.invocationCountTest"/>
  <testcase name="sum" time="0.003" classname="com.test.invocationCountTest"/>
  <testcase name="sum" time="0.002" classname="com.test.invocationCountTest"/>
  <testcase name="sum" time="0.006" classname="com.test.invocationCountTest"/>
  <testcase name="sum" time="0.001" classname="com.test.invocationCountTest"/>
  <testcase name="sum" time="0.001" classname="com.test.invocationCountTest"/>
  <testcase name="sum" time="0.002" classname="com.test.invocationCountTest"/>
</testsuite> <!-- com.test.invocationCountTest -->
