<?xml version="1.0" encoding="UTF-8"?>
<!-- Generated by org.testng.reporters.JUnitReportReporter -->
<testsuite skipped="0" hostname="DESKTOP-30J0NQQ" name="com.test.TestNgBasics" tests="3" failures="0" timestamp="10 Feb 2018 16:18:41 GMT" time="0.004" errors="0">
  <testcase name="searchTest" time="0.002" classname="com.test.TestNgBasics"/>
  <testcase name="googleTitleTest" time="0.001" classname="com.test.TestNgBasics"/>
  <testcase name="googlelogoTest" time="0.001" classname="com.test.TestNgBasics"/>
</testsuite> <!-- com.test.TestNgBasics -->
