<?xml version="1.0" encoding="UTF-8"?>
<!-- Generated by org.testng.reporters.JUnitReportReporter -->
<testsuite skipped="0" hostname="DESKTOP-30J0NQQ" name="com.test.ParameterTest" tests="1" failures="0" timestamp="10 Feb 2018 17:23:00 GMT" time="7.233" errors="0">
  <testcase name="yahooLoginTest" time="7.233" classname="com.test.ParameterTest"/>
</testsuite> <!-- com.test.ParameterTest -->
