<?xml version="1.0" encoding="UTF-8"?>
<!-- Generated by org.testng.reporters.JUnitReportReporter -->
<testsuite skipped="0" hostname="DESKTOP-30J0NQQ" name="com.test.EbayRegistrationTest" tests="3" failures="0" timestamp="12 Feb 2018 07:39:17 GMT" time="36.530" errors="0">
  <testcase name="ebayRegPageTest" time="11.711" classname="com.test.EbayRegistrationTest"/>
  <testcase name="ebayRegPageTest" time="13.201" classname="com.test.EbayRegistrationTest"/>
  <testcase name="ebayRegPageTest" time="11.618" classname="com.test.EbayRegistrationTest"/>
</testsuite> <!-- com.test.EbayRegistrationTest -->
