<?xml version="1.0" encoding="UTF-8"?>
<!-- Generated by org.testng.reporters.JUnitReportReporter -->
<testsuite skipped="0" hostname="DESKTOP-30J0NQQ" name="com.test.GoogleTest" tests="6" failures="0" timestamp="09 Feb 2018 09:44:26 GMT" time="41.128" errors="0">
  <testcase name="googleTitleTest" time="7.107" classname="com.test.GoogleTest"/>
  <testcase name="googleLogoTest" time="6.314" classname="com.test.GoogleTest"/>
  <testcase name="googleMailLinkText" time="7.724" classname="com.test.GoogleTest"/>
  <testcase name="test1" time="6.582" classname="com.test.GoogleTest"/>
  <testcase name="test2" time="6.125" classname="com.test.GoogleTest"/>
  <testcase name="test3" time="7.276" classname="com.test.GoogleTest"/>
</testsuite> <!-- com.test.GoogleTest -->
