<?xml version="1.0" encoding="UTF-8"?>
<!-- Generated by org.testng.reporters.JUnitReportReporter -->
<testsuite skipped="0" hostname="DESKTOP-30J0NQQ" name="com.test.TestNgFeatures" tests="3" failures="0" timestamp="10 Feb 2018 19:38:45 GMT" time="0.010" errors="0">
  <testcase name="searchPageTest" time="0.001" classname="com.test.TestNgFeatures"/>
  <testcase name="loginTest" time="0.008" classname="com.test.TestNgFeatures"/>
  <testcase name="homePageTest" time="0.001" classname="com.test.TestNgFeatures"/>
</testsuite> <!-- com.test.TestNgFeatures -->
