<?xml version="1.0" encoding="UTF-8"?>
<!-- Generated by org.testng.reporters.JUnitReportReporter -->
<testsuite skipped="0" hostname="DESKTOP-30J0NQQ" name="com.test.GoogleTest" tests="6" failures="0" timestamp="10 Feb 2018 16:00:21 GMT" time="41.404" errors="0">
  <testcase name="googleTitleTest" time="7.295" classname="com.test.GoogleTest"/>
  <testcase name="googleLogoTest" time="7.892" classname="com.test.GoogleTest"/>
  <testcase name="googleMailLinkText" time="6.779" classname="com.test.GoogleTest"/>
  <testcase name="test1" time="6.147" classname="com.test.GoogleTest"/>
  <testcase name="test2" time="6.769" classname="com.test.GoogleTest"/>
  <testcase name="test3" time="6.522" classname="com.test.GoogleTest"/>
</testsuite> <!-- com.test.GoogleTest -->
