<?xml version="1.0" encoding="UTF-8"?>
<!-- Generated by org.testng.reporters.JUnitReportReporter -->
<testsuite skipped="0" hostname="DESKTOP-30J0NQQ" name="com.test.ExceptionTimeOutTest" tests="1" failures="0" timestamp="10 Feb 2018 16:18:41 GMT" time="0.006" errors="0">
  <testcase name="parTest" time="0.006" classname="com.test.ExceptionTimeOutTest"/>
</testsuite> <!-- com.test.ExceptionTimeOutTest -->
