<?xml version="1.0" encoding="UTF-8"?>
<!-- Generated by org.testng.reporters.JUnitReportReporter -->
<testsuite skipped="0" hostname="DESKTOP-30J0NQQ" name="com.test.ExceptionTimeOutTest" tests="1" failures="0" timestamp="09 Feb 2018 10:24:19 GMT" time="0.007" errors="0">
  <testcase name="parTest" time="0.007" classname="com.test.ExceptionTimeOutTest"/>
</testsuite> <!-- com.test.ExceptionTimeOutTest -->
