<?xml version="1.0" encoding="UTF-8"?>
<!-- Generated by org.testng.reporters.JUnitReportReporter -->
<testsuite skipped="0" hostname="DESKTOP-30J0NQQ" name="com.test.GoogleTitleTest" tests="2" failures="0" timestamp="09 Feb 2018 10:37:24 GMT" time="16.315" errors="0">
  <testcase name="googleTitleTest" time="7.579" classname="com.test.GoogleTitleTest"/>
  <testcase name="googleLogoTest" time="8.736" classname="com.test.GoogleTitleTest"/>
</testsuite> <!-- com.test.GoogleTitleTest -->
