<?xml version="1.0" encoding="UTF-8"?>
<!-- Generated by org.testng.reporters.JUnitReportReporter -->
<testsuite skipped="0" hostname="DESKTOP-30J0NQQ" name="com.test.TestNgBasics" tests="2" failures="0" timestamp="09 Feb 2018 06:16:58 GMT" time="0.009" errors="0">
  <testcase name="searchTest" time="0.004" classname="com.test.TestNgBasics"/>
  <testcase name="googleTitleTest" time="0.005" classname="com.test.TestNgBasics"/>
</testsuite> <!-- com.test.TestNgBasics -->
